2021-07-07 11:01:03 INFO  Starting LoggerAppApplication using Java 15 on LBNL822982 with PID 17736 (C:\Code\TestingStuff\LoggerApp\target\classes started by AJAMALZA in C:\Code\TestingStuff\LoggerApp)
2021-07-07 11:01:03 INFO  No active profile set, falling back to default profiles: default
2021-07-07 11:01:05 INFO  Bootstrapping Spring Data JPA repositories in DEFAULT mode.
2021-07-07 11:01:05 INFO  Finished Spring Data repository scanning in 16 ms. Found 0 JPA repository interfaces.
2021-07-07 11:01:07 INFO  Tomcat initialized with port(s): 8080 (http)
2021-07-07 11:01:07 INFO  Initializing ProtocolHandler ["http-nio-8080"]
2021-07-07 11:01:07 INFO  Starting service [Tomcat]
2021-07-07 11:01:07 INFO  Starting Servlet engine: [Apache Tomcat/9.0.48]
2021-07-07 11:01:08 INFO  Initializing Spring embedded WebApplicationContext
2021-07-07 11:01:08 INFO  Root WebApplicationContext: initialization completed in 4164 ms
2021-07-07 11:01:08 INFO  HikariPool-1 - Starting...
2021-07-07 11:01:09 INFO  HikariPool-1 - Start completed.
2021-07-07 11:01:09 INFO  HHH000204: Processing PersistenceUnitInfo [name: default]
2021-07-07 11:01:09 INFO  HHH000412: Hibernate ORM core version 5.4.32.Final
2021-07-07 11:01:09 INFO  HCANN000001: Hibernate Commons Annotations {5.1.2.Final}
2021-07-07 11:01:09 INFO  HHH000400: Using dialect: org.hibernate.dialect.H2Dialect
2021-07-07 11:01:10 INFO  HHH000490: Using JtaPlatform implementation: [org.hibernate.engine.transaction.jta.platform.internal.NoJtaPlatform]
2021-07-07 11:01:10 INFO  Initialized JPA EntityManagerFactory for persistence unit 'default'
2021-07-07 11:01:10 WARN  spring.jpa.open-in-view is enabled by default. Therefore, database queries may be performed during view rendering. Explicitly configure spring.jpa.open-in-view to disable this warning
2021-07-07 11:01:11 INFO  Starting ProtocolHandler ["http-nio-8080"]
2021-07-07 11:01:11 INFO  Tomcat started on port(s): 8080 (http) with context path ''
2021-07-07 11:01:11 INFO  Started LoggerAppApplication in 9.739 seconds (JVM running for 12.916)
